<?xml version="1.0" encoding="UTF-8"?>
<testsuite xmlns:xsi="http://www.w3.org/2001/XMLSchema-instance" xsi:noNamespaceSchemaLocation="https://maven.apache.org/surefire/maven-surefire-plugin/xsd/surefire-test-report-3.0.xsd" version="3.0" name="TestSuite" time="124.168" tests="6" errors="0" skipped="0" failures="1">
  <properties>
    <property name="java.specification.version" value="16"/>
    <property name="webdriver.chrome.driver" value="C:\Users\nanda\eclipse-workspace\email_automation\src\main\java\com\email\qa\config\chromedriver.exe"/>
    <property name="sun.cpu.isalist" value="amd64"/>
    <property name="sun.jnu.encoding" value="Cp1252"/>
    <property name="java.class.path" value="C:\Users\nanda\eclipse-workspace\email_automation\target\test-classes;C:\Users\nanda\eclipse-workspace\email_automation\target\classes;C:\Users\nanda\.m2\repository\org\seleniumhq\selenium\selenium-java\3.141.59\selenium-java-3.141.59.jar;C:\Users\nanda\.m2\repository\org\seleniumhq\selenium\selenium-api\3.141.59\selenium-api-3.141.59.jar;C:\Users\nanda\.m2\repository\org\seleniumhq\selenium\selenium-chrome-driver\3.141.59\selenium-chrome-driver-3.141.59.jar;C:\Users\nanda\.m2\repository\org\seleniumhq\selenium\selenium-edge-driver\3.141.59\selenium-edge-driver-3.141.59.jar;C:\Users\nanda\.m2\repository\org\seleniumhq\selenium\selenium-firefox-driver\3.141.59\selenium-firefox-driver-3.141.59.jar;C:\Users\nanda\.m2\repository\org\seleniumhq\selenium\selenium-ie-driver\3.141.59\selenium-ie-driver-3.141.59.jar;C:\Users\nanda\.m2\repository\org\seleniumhq\selenium\selenium-opera-driver\3.141.59\selenium-opera-driver-3.141.59.jar;C:\Users\nanda\.m2\repository\org\seleniumhq\selenium\selenium-remote-driver\3.141.59\selenium-remote-driver-3.141.59.jar;C:\Users\nanda\.m2\repository\org\seleniumhq\selenium\selenium-safari-driver\3.141.59\selenium-safari-driver-3.141.59.jar;C:\Users\nanda\.m2\repository\org\seleniumhq\selenium\selenium-support\3.141.59\selenium-support-3.141.59.jar;C:\Users\nanda\.m2\repository\net\bytebuddy\byte-buddy\1.8.15\byte-buddy-1.8.15.jar;C:\Users\nanda\.m2\repository\org\apache\commons\commons-exec\1.3\commons-exec-1.3.jar;C:\Users\nanda\.m2\repository\com\google\guava\guava\25.0-jre\guava-25.0-jre.jar;C:\Users\nanda\.m2\repository\com\google\code\findbugs\jsr305\1.3.9\jsr305-1.3.9.jar;C:\Users\nanda\.m2\repository\org\checkerframework\checker-compat-qual\2.0.0\checker-compat-qual-2.0.0.jar;C:\Users\nanda\.m2\repository\com\google\errorprone\error_prone_annotations\2.1.3\error_prone_annotations-2.1.3.jar;C:\Users\nanda\.m2\repository\com\google\j2objc\j2objc-annotations\1.1\j2objc-annotations-1.1.jar;C:\Users\nanda\.m2\repository\org\codehaus\mojo\animal-sniffer-annotations\1.14\animal-sniffer-annotations-1.14.jar;C:\Users\nanda\.m2\repository\com\squareup\okhttp3\okhttp\3.11.0\okhttp-3.11.0.jar;C:\Users\nanda\.m2\repository\com\squareup\okio\okio\1.14.0\okio-1.14.0.jar;C:\Users\nanda\.m2\repository\org\testng\testng\7.4.0\testng-7.4.0.jar;C:\Users\nanda\.m2\repository\com\beust\jcommander\1.78\jcommander-1.78.jar;C:\Users\nanda\.m2\repository\org\webjars\jquery\3.5.1\jquery-3.5.1.jar;C:\Users\nanda\.m2\repository\org\apache\poi\poi\3.11-beta2\poi-3.11-beta2.jar;C:\Users\nanda\.m2\repository\commons-codec\commons-codec\1.9\commons-codec-1.9.jar;C:\Users\nanda\.m2\repository\org\apache\poi\poi-ooxml\3.11-beta2\poi-ooxml-3.11-beta2.jar;C:\Users\nanda\.m2\repository\org\apache\poi\poi-ooxml-schemas\4.1.2\poi-ooxml-schemas-4.1.2.jar;C:\Users\nanda\.m2\repository\org\apache\xmlbeans\xmlbeans\3.1.0\xmlbeans-3.1.0.jar;C:\Users\nanda\.m2\repository\org\apache\poi\poi-scratchpad\5.0.0\poi-scratchpad-5.0.0.jar;C:\Users\nanda\.m2\repository\org\apache\poi\ooxml-schemas\1.4\ooxml-schemas-1.4.jar;C:\Users\nanda\.m2\repository\org\apache\poi\openxml4j\1.0-beta\openxml4j-1.0-beta.jar;C:\Users\nanda\.m2\repository\dom4j\dom4j\1.6.1\dom4j-1.6.1.jar;C:\Users\nanda\.m2\repository\xml-apis\xml-apis\1.0.b2\xml-apis-1.0.b2.jar;C:\Users\nanda\.m2\repository\log4j\log4j\1.2.8\log4j-1.2.8.jar;C:\Users\nanda\.m2\repository\com\relevantcodes\extentreports\2.41.2\extentreports-2.41.2.jar;C:\Users\nanda\.m2\repository\org\jsoup\jsoup\1.8.3\jsoup-1.8.3.jar;C:\Users\nanda\.m2\repository\org\xerial\sqlite-jdbc\3.8.11.1\sqlite-jdbc-3.8.11.1.jar;C:\Users\nanda\.m2\repository\org\freemarker\freemarker\2.3.23\freemarker-2.3.23.jar;C:\Users\nanda\.m2\repository\org\mongodb\mongodb-driver\3.0.4\mongodb-driver-3.0.4.jar;C:\Users\nanda\.m2\repository\org\mongodb\bson\3.0.4\bson-3.0.4.jar;C:\Users\nanda\.m2\repository\org\mongodb\mongodb-driver-core\3.0.4\mongodb-driver-core-3.0.4.jar;C:\Users\nanda\.m2\repository\commons-io\commons-io\2.10.0\commons-io-2.10.0.jar;"/>
    <property name="java.vm.vendor" value="Oracle Corporation"/>
    <property name="sun.arch.data.model" value="64"/>
    <property name="user.variant" value=""/>
    <property name="java.vendor.url" value="https://java.oracle.com/"/>
    <property name="user.timezone" value="Asia/Calcutta"/>
    <property name="os.name" value="Windows 10"/>
    <property name="java.vm.specification.version" value="16"/>
    <property name="sun.java.launcher" value="SUN_STANDARD"/>
    <property name="user.country" value="US"/>
    <property name="sun.boot.library.path" value="C:\Program Files\Java\jdk-16.0.1\bin"/>
    <property name="sun.java.command" value="C:\Users\nanda\AppData\Local\Temp\surefire3174390749906557074\surefirebooter17014509956191310688.jar C:\Users\nanda\AppData\Local\Temp\surefire3174390749906557074 2021-07-11T20-29-52_069-jvmRun1 surefire3189834523071316022tmp surefire_012085598669710738061tmp"/>
    <property name="jdk.debug" value="release"/>
    <property name="surefire.test.class.path" value="C:\Users\nanda\eclipse-workspace\email_automation\target\test-classes;C:\Users\nanda\eclipse-workspace\email_automation\target\classes;C:\Users\nanda\.m2\repository\org\seleniumhq\selenium\selenium-java\3.141.59\selenium-java-3.141.59.jar;C:\Users\nanda\.m2\repository\org\seleniumhq\selenium\selenium-api\3.141.59\selenium-api-3.141.59.jar;C:\Users\nanda\.m2\repository\org\seleniumhq\selenium\selenium-chrome-driver\3.141.59\selenium-chrome-driver-3.141.59.jar;C:\Users\nanda\.m2\repository\org\seleniumhq\selenium\selenium-edge-driver\3.141.59\selenium-edge-driver-3.141.59.jar;C:\Users\nanda\.m2\repository\org\seleniumhq\selenium\selenium-firefox-driver\3.141.59\selenium-firefox-driver-3.141.59.jar;C:\Users\nanda\.m2\repository\org\seleniumhq\selenium\selenium-ie-driver\3.141.59\selenium-ie-driver-3.141.59.jar;C:\Users\nanda\.m2\repository\org\seleniumhq\selenium\selenium-opera-driver\3.141.59\selenium-opera-driver-3.141.59.jar;C:\Users\nanda\.m2\repository\org\seleniumhq\selenium\selenium-remote-driver\3.141.59\selenium-remote-driver-3.141.59.jar;C:\Users\nanda\.m2\repository\org\seleniumhq\selenium\selenium-safari-driver\3.141.59\selenium-safari-driver-3.141.59.jar;C:\Users\nanda\.m2\repository\org\seleniumhq\selenium\selenium-support\3.141.59\selenium-support-3.141.59.jar;C:\Users\nanda\.m2\repository\net\bytebuddy\byte-buddy\1.8.15\byte-buddy-1.8.15.jar;C:\Users\nanda\.m2\repository\org\apache\commons\commons-exec\1.3\commons-exec-1.3.jar;C:\Users\nanda\.m2\repository\com\google\guava\guava\25.0-jre\guava-25.0-jre.jar;C:\Users\nanda\.m2\repository\com\google\code\findbugs\jsr305\1.3.9\jsr305-1.3.9.jar;C:\Users\nanda\.m2\repository\org\checkerframework\checker-compat-qual\2.0.0\checker-compat-qual-2.0.0.jar;C:\Users\nanda\.m2\repository\com\google\errorprone\error_prone_annotations\2.1.3\error_prone_annotations-2.1.3.jar;C:\Users\nanda\.m2\repository\com\google\j2objc\j2objc-annotations\1.1\j2objc-annotations-1.1.jar;C:\Users\nanda\.m2\repository\org\codehaus\mojo\animal-sniffer-annotations\1.14\animal-sniffer-annotations-1.14.jar;C:\Users\nanda\.m2\repository\com\squareup\okhttp3\okhttp\3.11.0\okhttp-3.11.0.jar;C:\Users\nanda\.m2\repository\com\squareup\okio\okio\1.14.0\okio-1.14.0.jar;C:\Users\nanda\.m2\repository\org\testng\testng\7.4.0\testng-7.4.0.jar;C:\Users\nanda\.m2\repository\com\beust\jcommander\1.78\jcommander-1.78.jar;C:\Users\nanda\.m2\repository\org\webjars\jquery\3.5.1\jquery-3.5.1.jar;C:\Users\nanda\.m2\repository\org\apache\poi\poi\3.11-beta2\poi-3.11-beta2.jar;C:\Users\nanda\.m2\repository\commons-codec\commons-codec\1.9\commons-codec-1.9.jar;C:\Users\nanda\.m2\repository\org\apache\poi\poi-ooxml\3.11-beta2\poi-ooxml-3.11-beta2.jar;C:\Users\nanda\.m2\repository\org\apache\poi\poi-ooxml-schemas\4.1.2\poi-ooxml-schemas-4.1.2.jar;C:\Users\nanda\.m2\repository\org\apache\xmlbeans\xmlbeans\3.1.0\xmlbeans-3.1.0.jar;C:\Users\nanda\.m2\repository\org\apache\poi\poi-scratchpad\5.0.0\poi-scratchpad-5.0.0.jar;C:\Users\nanda\.m2\repository\org\apache\poi\ooxml-schemas\1.4\ooxml-schemas-1.4.jar;C:\Users\nanda\.m2\repository\org\apache\poi\openxml4j\1.0-beta\openxml4j-1.0-beta.jar;C:\Users\nanda\.m2\repository\dom4j\dom4j\1.6.1\dom4j-1.6.1.jar;C:\Users\nanda\.m2\repository\xml-apis\xml-apis\1.0.b2\xml-apis-1.0.b2.jar;C:\Users\nanda\.m2\repository\log4j\log4j\1.2.8\log4j-1.2.8.jar;C:\Users\nanda\.m2\repository\com\relevantcodes\extentreports\2.41.2\extentreports-2.41.2.jar;C:\Users\nanda\.m2\repository\org\jsoup\jsoup\1.8.3\jsoup-1.8.3.jar;C:\Users\nanda\.m2\repository\org\xerial\sqlite-jdbc\3.8.11.1\sqlite-jdbc-3.8.11.1.jar;C:\Users\nanda\.m2\repository\org\freemarker\freemarker\2.3.23\freemarker-2.3.23.jar;C:\Users\nanda\.m2\repository\org\mongodb\mongodb-driver\3.0.4\mongodb-driver-3.0.4.jar;C:\Users\nanda\.m2\repository\org\mongodb\bson\3.0.4\bson-3.0.4.jar;C:\Users\nanda\.m2\repository\org\mongodb\mongodb-driver-core\3.0.4\mongodb-driver-core-3.0.4.jar;C:\Users\nanda\.m2\repository\commons-io\commons-io\2.10.0\commons-io-2.10.0.jar;"/>
    <property name="sun.cpu.endian" value="little"/>
    <property name="user.home" value="C:\Users\nanda"/>
    <property name="user.language" value="en"/>
    <property name="java.specification.vendor" value="Oracle Corporation"/>
    <property name="java.version.date" value="2021-04-20"/>
    <property name="java.home" value="C:\Program Files\Java\jdk-16.0.1"/>
    <property name="file.separator" value="\"/>
    <property name="basedir" value="C:\Users\nanda\eclipse-workspace\email_automation"/>
    <property name="java.vm.compressedOopsMode" value="32-bit"/>
    <property name="line.separator" value="&#10;"/>
    <property name="java.vm.specification.vendor" value="Oracle Corporation"/>
    <property name="java.specification.name" value="Java Platform API Specification"/>
    <property name="surefire.real.class.path" value="C:\Users\nanda\AppData\Local\Temp\surefire3174390749906557074\surefirebooter17014509956191310688.jar"/>
    <property name="user.script" value=""/>
    <property name="sun.management.compiler" value="HotSpot 64-Bit Tiered Compilers"/>
    <property name="java.runtime.version" value="16.0.1+9-24"/>
    <property name="user.name" value="nanda"/>
    <property name="path.separator" value=";"/>
    <property name="os.version" value="10.0"/>
    <property name="java.runtime.name" value="Java(TM) SE Runtime Environment"/>
    <property name="file.encoding" value="Cp1252"/>
    <property name="java.vm.name" value="Java HotSpot(TM) 64-Bit Server VM"/>
    <property name="testNGxmlName" value="testng.xml"/>
    <property name="localRepository" value="C:\Users\nanda\.m2\repository"/>
    <property name="java.vendor.url.bug" value="https://bugreport.java.com/bugreport/"/>
    <property name="java.io.tmpdir" value="C:\Users\nanda\AppData\Local\Temp\"/>
    <property name="java.version" value="16.0.1"/>
    <property name="user.dir" value="C:\Users\nanda\eclipse-workspace\email_automation"/>
    <property name="os.arch" value="amd64"/>
    <property name="java.vm.specification.name" value="Java Virtual Machine Specification"/>
    <property name="sun.os.patch.level" value=""/>
    <property name="java.library.path" value="C:\Program Files\Java\jdk-16.0.1\bin;C:\WINDOWS\Sun\Java\bin;C:\WINDOWS\system32;C:\WINDOWS;C:\Program Files\Common Files\Oracle\Java\javapath;C:\Program Files (x86)\Common Files\Oracle\Java\javapath;C:\WINDOWS\system32;C:\WINDOWS;C:\WINDOWS\System32\Wbem;C:\WINDOWS\System32\WindowsPowerShell\v1.0\;C:\WINDOWS\System32\OpenSSH\;C:\Program Files\Intel\WiFi\bin\;C:\Program Files\Common Files\Intel\WirelessCommon\;C:\Program Files\apache-maven-3.8.1\bin;C:\Users\nanda\AppData\Local\Microsoft\WindowsApps;C:\Program Files\heroku\bin;."/>
    <property name="java.vm.info" value="mixed mode, sharing"/>
    <property name="java.vendor" value="Oracle Corporation"/>
    <property name="java.vm.version" value="16.0.1+9-24"/>
    <property name="sun.io.unicode.encoding" value="UnicodeLittle"/>
    <property name="java.class.version" value="60.0"/>
  </properties>
  <testcase name="loginPageTitleTest" classname="com.email.qa.testcases.TestLoginPage" time="0.11">
    <system-out><![CDATA[Before navigating to: 'https://account.protonmail.com/'
Navigated to:'https://account.protonmail.com/'
]]></system-out>
    <system-err><![CDATA[Starting ChromeDriver 91.0.4472.101 (af52a90bf87030dd1523486a1cd3ae25c5d76c9b-refs/branch-heads/4472@{#1462}) on port 6503
Only local connections are allowed.
Please see https://chromedriver.chromium.org/security-considerations for suggestions on keeping ChromeDriver safe.
ChromeDriver was started successfully.
Jul 11, 2021 8:30:04 PM org.openqa.selenium.remote.ProtocolHandshake createSession
INFO: Detected dialect: W3C
]]></system-err>
  </testcase>
  <testcase name="loginTest" classname="com.email.qa.testcases.TestLoginPage" time="2.075">
    <system-out><![CDATA[Before navigating to: 'https://account.protonmail.com/'
Navigated to:'https://account.protonmail.com/'
Trying to find Element By : By.id: username
Found Element By : By.id: username
Trying to find Element By : By.id: password
Found Element By : By.id: password
Trying to find Element By : By.xpath: //button[@type='submit']
Found Element By : By.xpath: //button[@type='submit']
Trying to click on: [[ChromeDriver: chrome on WINDOWS (2e35cf8b7ca7a02be64d6d3495ffd5ed)] -> xpath: //button[@type='submit']]
Clicked on: [[ChromeDriver: chrome on WINDOWS (2e35cf8b7ca7a02be64d6d3495ffd5ed)] -> xpath: //button[@type='submit']]
]]></system-out>
    <system-err><![CDATA[Starting ChromeDriver 91.0.4472.101 (af52a90bf87030dd1523486a1cd3ae25c5d76c9b-refs/branch-heads/4472@{#1462}) on port 24316
Only local connections are allowed.
Please see https://chromedriver.chromium.org/security-considerations for suggestions on keeping ChromeDriver safe.
ChromeDriver was started successfully.
Jul 11, 2021 8:30:08 PM org.openqa.selenium.remote.ProtocolHandshake createSession
INFO: Detected dialect: W3C
]]></system-err>
  </testcase>
  <testcase name="verifyInboxPageTitleTest" classname="com.email.qa.testcases.TestInboxPage" time="11.48">
    <system-out><![CDATA[Before navigating to: 'https://account.protonmail.com/'
Navigated to:'https://account.protonmail.com/'
Trying to find Element By : By.id: username
Found Element By : By.id: username
Trying to find Element By : By.id: password
Found Element By : By.id: password
Trying to find Element By : By.xpath: //button[@type='submit']
Found Element By : By.xpath: //button[@type='submit']
Trying to click on: [[ChromeDriver: chrome on WINDOWS (0f7893c9bcc37eb196bafec9b44d7c28)] -> xpath: //button[@type='submit']]
Clicked on: [[ChromeDriver: chrome on WINDOWS (0f7893c9bcc37eb196bafec9b44d7c28)] -> xpath: //button[@type='submit']]
Trying to find Element By : By.xpath: //span[contains(text(),'Inbox')]
Exception occured: org.openqa.selenium.NoSuchElementException: no such element: Unable to locate element: {"method":"xpath","selector":"//span[contains(text(),'Inbox')]"}
  (Session info: chrome=91.0.4472.124)
For documentation on this error, please visit: https://www.seleniumhq.org/exceptions/no_such_element.html
Build info: version: '3.141.59', revision: 'e82be7d358', time: '2018-11-14T08:17:03'
System info: host: 'NANDAN-LAPTOP', ip: '192.168.0.183', os.name: 'Windows 10', os.arch: 'amd64', os.version: '10.0', java.version: '16.0.1'
Driver info: org.openqa.selenium.chrome.ChromeDriver
Capabilities {acceptInsecureCerts: false, browserName: chrome, browserVersion: 91.0.4472.124, chrome: {chromedriverVersion: 91.0.4472.101 (af52a90bf870..., userDataDir: C:\Users\nanda\AppData\Loca...}, goog:chromeOptions: {debuggerAddress: localhost:58124}, javascriptEnabled: true, networkConnectionEnabled: false, pageLoadStrategy: normal, platform: WINDOWS, platformName: WINDOWS, proxy: Proxy(), setWindowRect: true, strictFileInteractability: false, timeouts: {implicit: 0, pageLoad: 300000, script: 30000}, unhandledPromptBehavior: dismiss and notify, webauthn:extension:largeBlob: true, webauthn:virtualAuthenticators: true}
Session ID: 0f7893c9bcc37eb196bafec9b44d7c28
*** Element info: {Using=xpath, value=//span[contains(text(),'Inbox')]}
Trying to find Element By : By.xpath: //span[contains(text(),'Inbox')]
Found Element By : By.xpath: //span[contains(text(),'Inbox')]
]]></system-out>
    <system-err><![CDATA[Starting ChromeDriver 91.0.4472.101 (af52a90bf87030dd1523486a1cd3ae25c5d76c9b-refs/branch-heads/4472@{#1462}) on port 42921
Only local connections are allowed.
Please see https://chromedriver.chromium.org/security-considerations for suggestions on keeping ChromeDriver safe.
ChromeDriver was started successfully.
Jul 11, 2021 8:30:14 PM org.openqa.selenium.remote.ProtocolHandshake createSession
INFO: Detected dialect: W3C
]]></system-err>
  </testcase>
  <testcase name="verifyIfEmailExistsTest" classname="com.email.qa.testcases.TestInboxPage" time="10.654">
    <system-out><![CDATA[Before navigating to: 'https://account.protonmail.com/'
Navigated to:'https://account.protonmail.com/'
Trying to find Element By : By.id: username
Found Element By : By.id: username
Trying to find Element By : By.id: password
Found Element By : By.id: password
Trying to find Element By : By.xpath: //button[@type='submit']
Found Element By : By.xpath: //button[@type='submit']
Trying to click on: [[ChromeDriver: chrome on WINDOWS (f0e796ff0bdb347b35e9206ec94c2e53)] -> xpath: //button[@type='submit']]
Clicked on: [[ChromeDriver: chrome on WINDOWS (f0e796ff0bdb347b35e9206ec94c2e53)] -> xpath: //button[@type='submit']]
Trying to find Element By : By.xpath: //span[contains(text(),'Inbox')]
Found Element By : By.xpath: //span[contains(text(),'Inbox')]
Trying to find Element By : By.xpath: //span[contains(text(),'Inbox')]
Found Element By : By.xpath: //span[contains(text(),'Inbox')]
Trying to click on: [[ChromeDriver: chrome on WINDOWS (f0e796ff0bdb347b35e9206ec94c2e53)] -> xpath: //span[contains(text(),'Inbox')]]
Clicked on: [[ChromeDriver: chrome on WINDOWS (f0e796ff0bdb347b35e9206ec94c2e53)] -> xpath: //span[contains(text(),'Inbox')]]
Trying to find Element By : By.xpath: //p/strong[contains(text(),'conversations')]
Found Element By : By.xpath: //p/strong[contains(text(),'conversations')]
]]></system-out>
    <system-err><![CDATA[Starting ChromeDriver 91.0.4472.101 (af52a90bf87030dd1523486a1cd3ae25c5d76c9b-refs/branch-heads/4472@{#1462}) on port 15549
Only local connections are allowed.
Please see https://chromedriver.chromium.org/security-considerations for suggestions on keeping ChromeDriver safe.
ChromeDriver was started successfully.
Jul 11, 2021 8:30:31 PM org.openqa.selenium.remote.ProtocolHandshake createSession
INFO: Detected dialect: W3C
]]></system-err>
  </testcase>
  <testcase name="verifySubjectAndBodyTest[Email Assignment, This is a Test Automation](1)" classname="com.email.qa.testcases.TestInboxPage" time="34.972">
    <system-out><![CDATA[Before navigating to: 'https://account.protonmail.com/'
Navigated to:'https://account.protonmail.com/'
Trying to find Element By : By.id: username
Found Element By : By.id: username
Trying to find Element By : By.id: password
Found Element By : By.id: password
Trying to find Element By : By.xpath: //button[@type='submit']
Found Element By : By.xpath: //button[@type='submit']
Trying to click on: [[ChromeDriver: chrome on WINDOWS (a0219fefa778d9c3b6f5a47f471a7f66)] -> xpath: //button[@type='submit']]
Clicked on: [[ChromeDriver: chrome on WINDOWS (a0219fefa778d9c3b6f5a47f471a7f66)] -> xpath: //button[@type='submit']]
Trying to find Element By : By.xpath: //span[@data-testid='message-column:subject']
Found Element By : By.xpath: //span[@data-testid='message-column:subject']
Trying to find Element By : By.xpath: //span[@data-testid='message-column:subject']
Found Element By : By.xpath: //span[@data-testid='message-column:subject']
Trying to find Element By : By.xpath: //span[@data-testid='message-column:subject']
Found Element By : By.xpath: //span[@data-testid='message-column:subject']
Trying to find Element By : By.id: global_search
Found Element By : By.id: global_search
Trying to find Element By : By.xpath: //span[@data-testid='message-column:subject']
Found Element By : By.xpath: //span[@data-testid='message-column:subject']
Trying to find Element By : By.xpath: //span[@data-testid='message-column:subject']
Found Element By : By.xpath: //span[@data-testid='message-column:subject']
Trying to find Element By : By.xpath: //span[@data-testid='message-column:subject']
Found Element By : By.xpath: //span[@data-testid='message-column:subject']
Trying to find Element By : By.xpath: //span[@data-testid='message-column:subject']
Found Element By : By.xpath: //span[@data-testid='message-column:subject']
Trying to find Element By : By.xpath: //span[@data-testid='message-column:subject']
Found Element By : By.xpath: //span[@data-testid='message-column:subject']
Trying to click on: [[ChromeDriver: chrome on WINDOWS (a0219fefa778d9c3b6f5a47f471a7f66)] -> xpath: //span[@data-testid='message-column:subject']]
Clicked on: [[ChromeDriver: chrome on WINDOWS (a0219fefa778d9c3b6f5a47f471a7f66)] -> xpath: //span[@data-testid='message-column:subject']]
Trying to find Element By : By.xpath: //div[@data-testid='message-content:body']//div
Found Element By : By.xpath: //div[@data-testid='message-content:body']//div
Trying to find Element By : By.xpath: //div[@data-testid='message-content:body']//div
Found Element By : By.xpath: //div[@data-testid='message-content:body']//div
Trying to find Element By : By.xpath: .//*
Found Element By : By.xpath: .//*
Trying to click on: [[ChromeDriver: chrome on WINDOWS (a0219fefa778d9c3b6f5a47f471a7f66)] -> xpath: //span[@data-testid='message-column:subject']]
Clicked on: [[ChromeDriver: chrome on WINDOWS (a0219fefa778d9c3b6f5a47f471a7f66)] -> xpath: //span[@data-testid='message-column:subject']]
Trying to find Element By : By.xpath: //div[@data-testid='message-content:body']//div
Found Element By : By.xpath: //div[@data-testid='message-content:body']//div
Trying to find Element By : By.xpath: //div[@data-testid='message-content:body']//div
Found Element By : By.xpath: //div[@data-testid='message-content:body']//div
Trying to find Element By : By.xpath: .//*
Found Element By : By.xpath: .//*
Email 1 contains Email Assignment in Subject and This is a Test Automation in Body
Email 2 contains Email Assignment in Subject and This is a Test Automation in Body
]]></system-out>
    <system-err><![CDATA[Starting ChromeDriver 91.0.4472.101 (af52a90bf87030dd1523486a1cd3ae25c5d76c9b-refs/branch-heads/4472@{#1462}) on port 25559
Only local connections are allowed.
Please see https://chromedriver.chromium.org/security-considerations for suggestions on keeping ChromeDriver safe.
ChromeDriver was started successfully.
Jul 11, 2021 8:30:48 PM org.openqa.selenium.remote.ProtocolHandshake createSession
INFO: Detected dialect: W3C
]]></system-err>
  </testcase>
  <testcase name="verifySubjectAndBodyTest[Email Assignment, IwaFesW](2)" classname="com.email.qa.testcases.TestInboxPage" time="32.831">
    <failure message="The following asserts failed:&#10;	Email 2 contains Email Assignment in Subject but IwaFesW is not present in Body expected [true] but found [false]" type="java.lang.AssertionError"><![CDATA[java.lang.AssertionError: 
The following asserts failed:
	Email 2 contains Email Assignment in Subject but IwaFesW is not present in Body expected [true] but found [false]
	at com.email.qa.testcases.TestInboxPage.verifySubjectAndBodyTest(TestInboxPage.java:121)
]]></failure>
    <system-out><![CDATA[Before navigating to: 'https://account.protonmail.com/'
Navigated to:'https://account.protonmail.com/'
Trying to find Element By : By.id: username
Found Element By : By.id: username
Trying to find Element By : By.id: password
Found Element By : By.id: password
Trying to find Element By : By.xpath: //button[@type='submit']
Found Element By : By.xpath: //button[@type='submit']
Trying to click on: [[ChromeDriver: chrome on WINDOWS (df6151694c4c0fd5c37bad0a63ed1bc7)] -> xpath: //button[@type='submit']]
Clicked on: [[ChromeDriver: chrome on WINDOWS (df6151694c4c0fd5c37bad0a63ed1bc7)] -> xpath: //button[@type='submit']]
Trying to find Element By : By.xpath: //span[@data-testid='message-column:subject']
Found Element By : By.xpath: //span[@data-testid='message-column:subject']
Trying to find Element By : By.xpath: //span[@data-testid='message-column:subject']
Found Element By : By.xpath: //span[@data-testid='message-column:subject']
Trying to find Element By : By.xpath: //span[@data-testid='message-column:subject']
Found Element By : By.xpath: //span[@data-testid='message-column:subject']
Trying to find Element By : By.id: global_search
Found Element By : By.id: global_search
Trying to find Element By : By.xpath: //span[@data-testid='message-column:subject']
Found Element By : By.xpath: //span[@data-testid='message-column:subject']
Trying to find Element By : By.xpath: //span[@data-testid='message-column:subject']
Found Element By : By.xpath: //span[@data-testid='message-column:subject']
Trying to find Element By : By.xpath: //span[@data-testid='message-column:subject']
Found Element By : By.xpath: //span[@data-testid='message-column:subject']
Trying to find Element By : By.xpath: //span[@data-testid='message-column:subject']
Found Element By : By.xpath: //span[@data-testid='message-column:subject']
Trying to find Element By : By.xpath: //span[@data-testid='message-column:subject']
Found Element By : By.xpath: //span[@data-testid='message-column:subject']
Trying to click on: [[ChromeDriver: chrome on WINDOWS (df6151694c4c0fd5c37bad0a63ed1bc7)] -> xpath: //span[@data-testid='message-column:subject']]
Clicked on: [[ChromeDriver: chrome on WINDOWS (df6151694c4c0fd5c37bad0a63ed1bc7)] -> xpath: //span[@data-testid='message-column:subject']]
Trying to find Element By : By.xpath: //div[@data-testid='message-content:body']//div
Found Element By : By.xpath: //div[@data-testid='message-content:body']//div
Trying to find Element By : By.xpath: //div[@data-testid='message-content:body']//div
Found Element By : By.xpath: //div[@data-testid='message-content:body']//div
Trying to find Element By : By.xpath: .//*
Found Element By : By.xpath: .//*
Trying to click on: [[ChromeDriver: chrome on WINDOWS (df6151694c4c0fd5c37bad0a63ed1bc7)] -> xpath: //span[@data-testid='message-column:subject']]
Clicked on: [[ChromeDriver: chrome on WINDOWS (df6151694c4c0fd5c37bad0a63ed1bc7)] -> xpath: //span[@data-testid='message-column:subject']]
Trying to find Element By : By.xpath: //div[@data-testid='message-content:body']//div
Found Element By : By.xpath: //div[@data-testid='message-content:body']//div
Trying to find Element By : By.xpath: //div[@data-testid='message-content:body']//div
Found Element By : By.xpath: //div[@data-testid='message-content:body']//div
Trying to find Element By : By.xpath: .//*
Found Element By : By.xpath: .//*
Email 1 contains Email Assignment in Subject and IwaFesW in Body
Email 2 contains Email Assignment in Subject but IwaFesW is not present in Body
]]></system-out>
    <system-err><![CDATA[Starting ChromeDriver 91.0.4472.101 (af52a90bf87030dd1523486a1cd3ae25c5d76c9b-refs/branch-heads/4472@{#1462}) on port 8789
Only local connections are allowed.
Please see https://chromedriver.chromium.org/security-considerations for suggestions on keeping ChromeDriver safe.
ChromeDriver was started successfully.
Jul 11, 2021 8:31:28 PM org.openqa.selenium.remote.ProtocolHandshake createSession
INFO: Detected dialect: W3C
]]></system-err>
  </testcase>
</testsuite>