<?xml version="1.0" encoding="UTF-8"?>
<testng-results ignored="0" total="6" passed="5" failed="1" skipped="0">
  <reporter-output>
  </reporter-output>
  <suite started-at="2021-07-11T20:30:03 IST" name="Proton Email Automation Suite" finished-at="2021-07-11T20:32:06 IST" duration-ms="122985">
    <groups>
    </groups>
    <test started-at="2021-07-11T20:30:03 IST" name="Proton Email Test Cases" finished-at="2021-07-11T20:32:06 IST" duration-ms="122985">
      <class name="com.email.qa.testcases.TestInboxPage">
        <test-method is-config="true" signature="setup()[pri:0, instance:com.email.qa.testcases.TestInboxPage@647fd8ce]" started-at="2021-07-11T20:30:13 IST" name="setup" finished-at="2021-07-11T20:30:19 IST" duration-ms="5504" status="PASS">
          <reporter-output>
          </reporter-output>
        </test-method> <!-- setup -->
        <test-method signature="verifyInboxPageTitleTest()[pri:0, instance:com.email.qa.testcases.TestInboxPage@647fd8ce]" started-at="2021-07-11T20:30:19 IST" name="verifyInboxPageTitleTest" finished-at="2021-07-11T20:30:30 IST" duration-ms="11428" status="PASS">
          <reporter-output>
          </reporter-output>
        </test-method> <!-- verifyInboxPageTitleTest -->
        <test-method is-config="true" signature="teardown()[pri:0, instance:com.email.qa.testcases.TestInboxPage@647fd8ce]" started-at="2021-07-11T20:30:30 IST" name="teardown" finished-at="2021-07-11T20:30:30 IST" duration-ms="243" status="PASS">
          <reporter-output>
          </reporter-output>
        </test-method> <!-- teardown -->
        <test-method is-config="true" signature="setup()[pri:0, instance:com.email.qa.testcases.TestInboxPage@647fd8ce]" started-at="2021-07-11T20:30:30 IST" name="setup" finished-at="2021-07-11T20:30:35 IST" duration-ms="5247" status="PASS">
          <reporter-output>
          </reporter-output>
        </test-method> <!-- setup -->
        <test-method signature="verifyIfEmailExistsTest()[pri:1, instance:com.email.qa.testcases.TestInboxPage@647fd8ce]" started-at="2021-07-11T20:30:35 IST" name="verifyIfEmailExistsTest" finished-at="2021-07-11T20:30:46 IST" duration-ms="10635" status="PASS">
          <reporter-output>
          </reporter-output>
        </test-method> <!-- verifyIfEmailExistsTest -->
        <test-method is-config="true" signature="teardown()[pri:0, instance:com.email.qa.testcases.TestInboxPage@647fd8ce]" started-at="2021-07-11T20:30:46 IST" name="teardown" finished-at="2021-07-11T20:30:46 IST" duration-ms="244" status="PASS">
          <reporter-output>
          </reporter-output>
        </test-method> <!-- teardown -->
        <test-method is-config="true" signature="setup()[pri:0, instance:com.email.qa.testcases.TestInboxPage@647fd8ce]" started-at="2021-07-11T20:30:47 IST" name="setup" finished-at="2021-07-11T20:30:52 IST" duration-ms="5390" status="PASS">
          <reporter-output>
          </reporter-output>
        </test-method> <!-- setup -->
        <test-method signature="verifySubjectAndBodyTest(java.lang.String,java.lang.String)[pri:2, instance:com.email.qa.testcases.TestInboxPage@647fd8ce]" started-at="2021-07-11T20:30:52 IST" name="verifySubjectAndBodyTest" data-provider="getEmailTestData" finished-at="2021-07-11T20:31:27 IST" duration-ms="34859" status="PASS">
          <params>
            <param index="0">
              <value>
                <![CDATA[Email Assignment]]>
              </value>
            </param>
            <param index="1">
              <value>
                <![CDATA[This is a Test Automation]]>
              </value>
            </param>
          </params>
          <reporter-output>
          </reporter-output>
        </test-method> <!-- verifySubjectAndBodyTest -->
        <test-method is-config="true" signature="teardown()[pri:0, instance:com.email.qa.testcases.TestInboxPage@647fd8ce]" started-at="2021-07-11T20:31:27 IST" name="teardown" finished-at="2021-07-11T20:31:28 IST" duration-ms="283" status="PASS">
          <reporter-output>
          </reporter-output>
        </test-method> <!-- teardown -->
        <test-method is-config="true" signature="setup()[pri:0, instance:com.email.qa.testcases.TestInboxPage@647fd8ce]" started-at="2021-07-11T20:31:28 IST" name="setup" finished-at="2021-07-11T20:31:33 IST" duration-ms="5134" status="PASS">
          <reporter-output>
          </reporter-output>
        </test-method> <!-- setup -->
        <test-method signature="verifySubjectAndBodyTest(java.lang.String,java.lang.String)[pri:2, instance:com.email.qa.testcases.TestInboxPage@647fd8ce]" started-at="2021-07-11T20:31:33 IST" name="verifySubjectAndBodyTest" data-provider="getEmailTestData" finished-at="2021-07-11T20:32:05 IST" duration-ms="32703" status="FAIL">
          <params>
            <param index="0">
              <value>
                <![CDATA[Email Assignment]]>
              </value>
            </param>
            <param index="1">
              <value>
                <![CDATA[IwaFesW]]>
              </value>
            </param>
          </params>
          <exception class="java.lang.AssertionError">
            <message>
              <![CDATA[The following asserts failed:
Email 2 contains Email Assignment in Subject but IwaFesW is not present in Body expected [true] but found [false]]]>
            </message>
            <full-stacktrace>
              <![CDATA[java.lang.AssertionError: The following asserts failed:
Email 2 contains Email Assignment in Subject but IwaFesW is not present in Body expected [true] but found [false]
at org.testng.asserts.SoftAssert.assertAll(SoftAssert.java:47)
at org.testng.asserts.SoftAssert.assertAll(SoftAssert.java:31)
at com.email.qa.testcases.TestInboxPage.verifySubjectAndBodyTest(TestInboxPage.java:121)
at java.base/jdk.internal.reflect.NativeMethodAccessorImpl.invoke0(Native Method)
at java.base/jdk.internal.reflect.NativeMethodAccessorImpl.invoke(NativeMethodAccessorImpl.java:78)
at java.base/jdk.internal.reflect.DelegatingMethodAccessorImpl.invoke(DelegatingMethodAccessorImpl.java:43)
at java.base/java.lang.reflect.Method.invoke(Method.java:567)
at org.testng.internal.MethodInvocationHelper.invokeMethod(MethodInvocationHelper.java:133)
at org.testng.internal.TestInvoker.invokeMethod(TestInvoker.java:598)
at org.testng.internal.TestInvoker.invokeTestMethod(TestInvoker.java:173)
at org.testng.internal.MethodRunner.runInSequence(MethodRunner.java:46)
at org.testng.internal.TestInvoker$MethodInvocationAgent.invoke(TestInvoker.java:824)
at org.testng.internal.TestInvoker.invokeTestMethods(TestInvoker.java:146)
at org.testng.internal.TestMethodWorker.invokeTestMethods(TestMethodWorker.java:146)
at org.testng.internal.TestMethodWorker.run(TestMethodWorker.java:128)
at java.base/java.util.ArrayList.forEach(ArrayList.java:1511)
at org.testng.TestRunner.privateRun(TestRunner.java:794)
at org.testng.TestRunner.run(TestRunner.java:596)
at org.testng.SuiteRunner.runTest(SuiteRunner.java:377)
at org.testng.SuiteRunner.runSequentially(SuiteRunner.java:371)
at org.testng.SuiteRunner.privateRun(SuiteRunner.java:332)
at org.testng.SuiteRunner.run(SuiteRunner.java:276)
at org.testng.SuiteRunnerWorker.runSuite(SuiteRunnerWorker.java:53)
at org.testng.SuiteRunnerWorker.run(SuiteRunnerWorker.java:96)
at org.testng.TestNG.runSuitesSequentially(TestNG.java:1212)
at org.testng.TestNG.runSuitesLocally(TestNG.java:1134)
at org.testng.TestNG.runSuites(TestNG.java:1063)
at org.testng.TestNG.run(TestNG.java:1031)
at org.apache.maven.surefire.testng.TestNGExecutor.run(TestNGExecutor.java:284)
at org.apache.maven.surefire.testng.TestNGXmlTestSuite.execute(TestNGXmlTestSuite.java:75)
at org.apache.maven.surefire.testng.TestNGProvider.invoke(TestNGProvider.java:119)
at org.apache.maven.surefire.booter.ForkedBooter.runSuitesInProcess(ForkedBooter.java:428)
at org.apache.maven.surefire.booter.ForkedBooter.execute(ForkedBooter.java:162)
at org.apache.maven.surefire.booter.ForkedBooter.run(ForkedBooter.java:562)
at org.apache.maven.surefire.booter.ForkedBooter.main(ForkedBooter.java:548)
]]>
            </full-stacktrace>
          </exception> <!-- java.lang.AssertionError -->
          <reporter-output>
          </reporter-output>
        </test-method> <!-- verifySubjectAndBodyTest -->
        <test-method is-config="true" signature="teardown()[pri:0, instance:com.email.qa.testcases.TestInboxPage@647fd8ce]" started-at="2021-07-11T20:32:05 IST" name="teardown" finished-at="2021-07-11T20:32:06 IST" duration-ms="288" status="PASS">
          <reporter-output>
          </reporter-output>
        </test-method> <!-- teardown -->
      </class> <!-- com.email.qa.testcases.TestInboxPage -->
      <class name="com.email.qa.testcases.TestLoginPage">
        <test-method is-config="true" signature="setup()[pri:0, instance:com.email.qa.testcases.TestLoginPage@75f32542]" started-at="2021-07-11T20:30:03 IST" name="setup" finished-at="2021-07-11T20:30:07 IST" duration-ms="4126" status="PASS">
          <reporter-output>
          </reporter-output>
        </test-method> <!-- setup -->
        <test-method signature="loginPageTitleTest()[pri:0, instance:com.email.qa.testcases.TestLoginPage@75f32542]" started-at="2021-07-11T20:30:07 IST" name="loginPageTitleTest" finished-at="2021-07-11T20:30:07 IST" duration-ms="134" status="PASS">
          <reporter-output>
          </reporter-output>
        </test-method> <!-- loginPageTitleTest -->
        <test-method is-config="true" signature="teardown()[pri:0, instance:com.email.qa.testcases.TestLoginPage@75f32542]" started-at="2021-07-11T20:30:07 IST" name="teardown" finished-at="2021-07-11T20:30:07 IST" duration-ms="234" status="PASS">
          <reporter-output>
          </reporter-output>
        </test-method> <!-- teardown -->
        <test-method is-config="true" signature="setup()[pri:0, instance:com.email.qa.testcases.TestLoginPage@75f32542]" started-at="2021-07-11T20:30:07 IST" name="setup" finished-at="2021-07-11T20:30:11 IST" duration-ms="3528" status="PASS">
          <reporter-output>
          </reporter-output>
        </test-method> <!-- setup -->
        <test-method signature="loginTest()[pri:1, instance:com.email.qa.testcases.TestLoginPage@75f32542]" started-at="2021-07-11T20:30:11 IST" name="loginTest" finished-at="2021-07-11T20:30:13 IST" duration-ms="2047" status="PASS">
          <reporter-output>
          </reporter-output>
        </test-method> <!-- loginTest -->
        <test-method is-config="true" signature="teardown()[pri:0, instance:com.email.qa.testcases.TestLoginPage@75f32542]" started-at="2021-07-11T20:30:13 IST" name="teardown" finished-at="2021-07-11T20:30:13 IST" duration-ms="274" status="PASS">
          <reporter-output>
          </reporter-output>
        </test-method> <!-- teardown -->
      </class> <!-- com.email.qa.testcases.TestLoginPage -->
    </test> <!-- Proton Email Test Cases -->
  </suite> <!-- Proton Email Automation Suite -->
</testng-results>
