<?xml version="1.0" encoding="UTF-8"?>
<testng-results ignored="0" total="6" passed="5" failed="1" skipped="0">
  <reporter-output>
  </reporter-output>
  <suite started-at="2021-07-11T19:48:46 IST" name="Proton Email Automation Suite" finished-at="2021-07-11T19:51:06 IST" duration-ms="139600">
    <groups>
    </groups>
    <test started-at="2021-07-11T19:48:46 IST" name="Proton Email Test Cases" finished-at="2021-07-11T19:51:06 IST" duration-ms="139600">
      <class name="com.email.qa.testcases.TestInboxPage">
        <test-method is-config="true" signature="setup()[pri:0, instance:com.email.qa.testcases.TestInboxPage@53fdffa1]" started-at="2021-07-11T19:48:59 IST" name="setup" finished-at="2021-07-11T19:49:05 IST" duration-ms="5728" status="PASS">
          <reporter-output>
          </reporter-output>
        </test-method> <!-- setup -->
        <test-method signature="verifyInboxPageTitleTest()[pri:0, instance:com.email.qa.testcases.TestInboxPage@53fdffa1]" started-at="2021-07-11T19:49:05 IST" name="verifyInboxPageTitleTest" finished-at="2021-07-11T19:49:20 IST" duration-ms="15062" status="PASS">
          <reporter-output>
          </reporter-output>
        </test-method> <!-- verifyInboxPageTitleTest -->
        <test-method is-config="true" signature="teardown()[pri:0, instance:com.email.qa.testcases.TestInboxPage@53fdffa1]" started-at="2021-07-11T19:49:20 IST" name="teardown" finished-at="2021-07-11T19:49:20 IST" duration-ms="166" status="PASS">
          <reporter-output>
          </reporter-output>
        </test-method> <!-- teardown -->
        <test-method is-config="true" signature="setup()[pri:0, instance:com.email.qa.testcases.TestInboxPage@53fdffa1]" started-at="2021-07-11T19:49:20 IST" name="setup" finished-at="2021-07-11T19:49:26 IST" duration-ms="6279" status="PASS">
          <reporter-output>
          </reporter-output>
        </test-method> <!-- setup -->
        <test-method signature="verifyIfEmailExistsTest()[pri:1, instance:com.email.qa.testcases.TestInboxPage@53fdffa1]" started-at="2021-07-11T19:49:26 IST" name="verifyIfEmailExistsTest" finished-at="2021-07-11T19:49:39 IST" duration-ms="12714" status="PASS">
          <reporter-output>
          </reporter-output>
        </test-method> <!-- verifyIfEmailExistsTest -->
        <test-method is-config="true" signature="teardown()[pri:0, instance:com.email.qa.testcases.TestInboxPage@53fdffa1]" started-at="2021-07-11T19:49:39 IST" name="teardown" finished-at="2021-07-11T19:49:39 IST" duration-ms="248" status="PASS">
          <reporter-output>
          </reporter-output>
        </test-method> <!-- teardown -->
        <test-method is-config="true" signature="setup()[pri:0, instance:com.email.qa.testcases.TestInboxPage@53fdffa1]" started-at="2021-07-11T19:49:40 IST" name="setup" finished-at="2021-07-11T19:49:47 IST" duration-ms="6642" status="PASS">
          <reporter-output>
          </reporter-output>
        </test-method> <!-- setup -->
        <test-method signature="verifySubjectAndBodyTest(java.lang.String,java.lang.String)[pri:2, instance:com.email.qa.testcases.TestInboxPage@53fdffa1]" started-at="2021-07-11T19:49:47 IST" name="verifySubjectAndBodyTest" data-provider="getEmailTestData" finished-at="2021-07-11T19:50:24 IST" duration-ms="37199" status="PASS">
          <params>
            <param index="0">
              <value>
                <![CDATA[Email Assignment]]>
              </value>
            </param>
            <param index="1">
              <value>
                <![CDATA[This is a Test Automation]]>
              </value>
            </param>
          </params>
          <reporter-output>
          </reporter-output>
        </test-method> <!-- verifySubjectAndBodyTest -->
        <test-method is-config="true" signature="teardown()[pri:0, instance:com.email.qa.testcases.TestInboxPage@53fdffa1]" started-at="2021-07-11T19:50:24 IST" name="teardown" finished-at="2021-07-11T19:50:24 IST" duration-ms="283" status="PASS">
          <reporter-output>
          </reporter-output>
        </test-method> <!-- teardown -->
        <test-method is-config="true" signature="setup()[pri:0, instance:com.email.qa.testcases.TestInboxPage@53fdffa1]" started-at="2021-07-11T19:50:24 IST" name="setup" finished-at="2021-07-11T19:50:31 IST" duration-ms="6501" status="PASS">
          <reporter-output>
          </reporter-output>
        </test-method> <!-- setup -->
        <test-method signature="verifySubjectAndBodyTest(java.lang.String,java.lang.String)[pri:2, instance:com.email.qa.testcases.TestInboxPage@53fdffa1]" started-at="2021-07-11T19:50:31 IST" name="verifySubjectAndBodyTest" data-provider="getEmailTestData" finished-at="2021-07-11T19:51:06 IST" duration-ms="35145" status="FAIL">
          <params>
            <param index="0">
              <value>
                <![CDATA[Email Assignment]]>
              </value>
            </param>
            <param index="1">
              <value>
                <![CDATA[IwaFesW]]>
              </value>
            </param>
          </params>
          <exception class="java.lang.AssertionError">
            <message>
              <![CDATA[The following asserts failed:
Email 2 contains Email Assignment in Subject but IwaFesW is not present in Body expected [true] but found [false]]]>
            </message>
            <full-stacktrace>
              <![CDATA[java.lang.AssertionError: The following asserts failed:
Email 2 contains Email Assignment in Subject but IwaFesW is not present in Body expected [true] but found [false]
at org.testng.asserts.SoftAssert.assertAll(SoftAssert.java:47)
at org.testng.asserts.SoftAssert.assertAll(SoftAssert.java:31)
at com.email.qa.testcases.TestInboxPage.verifySubjectAndBodyTest(TestInboxPage.java:123)
at java.base/jdk.internal.reflect.NativeMethodAccessorImpl.invoke0(Native Method)
at java.base/jdk.internal.reflect.NativeMethodAccessorImpl.invoke(NativeMethodAccessorImpl.java:78)
at java.base/jdk.internal.reflect.DelegatingMethodAccessorImpl.invoke(DelegatingMethodAccessorImpl.java:43)
at java.base/java.lang.reflect.Method.invoke(Method.java:567)
at org.testng.internal.MethodInvocationHelper.invokeMethod(MethodInvocationHelper.java:133)
at org.testng.internal.TestInvoker.invokeMethod(TestInvoker.java:598)
at org.testng.internal.TestInvoker.invokeTestMethod(TestInvoker.java:173)
at org.testng.internal.MethodRunner.runInSequence(MethodRunner.java:46)
at org.testng.internal.TestInvoker$MethodInvocationAgent.invoke(TestInvoker.java:824)
at org.testng.internal.TestInvoker.invokeTestMethods(TestInvoker.java:146)
at org.testng.internal.TestMethodWorker.invokeTestMethods(TestMethodWorker.java:146)
at org.testng.internal.TestMethodWorker.run(TestMethodWorker.java:128)
at java.base/java.util.ArrayList.forEach(ArrayList.java:1511)
at org.testng.TestRunner.privateRun(TestRunner.java:794)
at org.testng.TestRunner.run(TestRunner.java:596)
at org.testng.SuiteRunner.runTest(SuiteRunner.java:377)
at org.testng.SuiteRunner.runSequentially(SuiteRunner.java:371)
at org.testng.SuiteRunner.privateRun(SuiteRunner.java:332)
at org.testng.SuiteRunner.run(SuiteRunner.java:276)
at org.testng.SuiteRunnerWorker.runSuite(SuiteRunnerWorker.java:53)
at org.testng.SuiteRunnerWorker.run(SuiteRunnerWorker.java:96)
at org.testng.TestNG.runSuitesSequentially(TestNG.java:1212)
at org.testng.TestNG.runSuitesLocally(TestNG.java:1134)
at org.testng.TestNG.runSuites(TestNG.java:1063)
at org.testng.TestNG.run(TestNG.java:1031)
at org.testng.remote.AbstractRemoteTestNG.run(AbstractRemoteTestNG.java:115)
at org.testng.remote.RemoteTestNG.initAndRun(RemoteTestNG.java:251)
at org.testng.remote.RemoteTestNG.main(RemoteTestNG.java:77)
]]>
            </full-stacktrace>
          </exception> <!-- java.lang.AssertionError -->
          <reporter-output>
          </reporter-output>
        </test-method> <!-- verifySubjectAndBodyTest -->
        <test-method is-config="true" signature="teardown()[pri:0, instance:com.email.qa.testcases.TestInboxPage@53fdffa1]" started-at="2021-07-11T19:51:06 IST" name="teardown" finished-at="2021-07-11T19:51:06 IST" duration-ms="249" status="PASS">
          <reporter-output>
          </reporter-output>
        </test-method> <!-- teardown -->
      </class> <!-- com.email.qa.testcases.TestInboxPage -->
      <class name="com.email.qa.testcases.TestLoginPage">
        <test-method is-config="true" signature="setup()[pri:0, instance:com.email.qa.testcases.TestLoginPage@22e357dc]" started-at="2021-07-11T19:48:46 IST" name="setup" finished-at="2021-07-11T19:48:52 IST" duration-ms="5393" status="PASS">
          <reporter-output>
          </reporter-output>
        </test-method> <!-- setup -->
        <test-method signature="loginPageTitleTest()[pri:0, instance:com.email.qa.testcases.TestLoginPage@22e357dc]" started-at="2021-07-11T19:48:52 IST" name="loginPageTitleTest" finished-at="2021-07-11T19:48:52 IST" duration-ms="23" status="PASS">
          <reporter-output>
          </reporter-output>
        </test-method> <!-- loginPageTitleTest -->
        <test-method is-config="true" signature="teardown()[pri:0, instance:com.email.qa.testcases.TestLoginPage@22e357dc]" started-at="2021-07-11T19:48:52 IST" name="teardown" finished-at="2021-07-11T19:48:52 IST" duration-ms="265" status="PASS">
          <reporter-output>
          </reporter-output>
        </test-method> <!-- teardown -->
        <test-method is-config="true" signature="setup()[pri:0, instance:com.email.qa.testcases.TestLoginPage@22e357dc]" started-at="2021-07-11T19:48:52 IST" name="setup" finished-at="2021-07-11T19:48:56 IST" duration-ms="3647" status="PASS">
          <reporter-output>
          </reporter-output>
        </test-method> <!-- setup -->
        <test-method signature="loginTest()[pri:1, instance:com.email.qa.testcases.TestLoginPage@22e357dc]" started-at="2021-07-11T19:48:56 IST" name="loginTest" finished-at="2021-07-11T19:48:59 IST" duration-ms="3061" status="PASS">
          <reporter-output>
          </reporter-output>
        </test-method> <!-- loginTest -->
        <test-method is-config="true" signature="teardown()[pri:0, instance:com.email.qa.testcases.TestLoginPage@22e357dc]" started-at="2021-07-11T19:48:59 IST" name="teardown" finished-at="2021-07-11T19:48:59 IST" duration-ms="197" status="PASS">
          <reporter-output>
          </reporter-output>
        </test-method> <!-- teardown -->
      </class> <!-- com.email.qa.testcases.TestLoginPage -->
    </test> <!-- Proton Email Test Cases -->
  </suite> <!-- Proton Email Automation Suite -->
</testng-results>
